D:\MYPROGRAMS\OSGF\OSGF\DEBUG\ACAMERA.OBJ
D:\MyPrograms\osgf\OSGF\Debug\cl.command.1.tlog
D:\MyPrograms\osgf\OSGF\Debug\CL.read.1.tlog
D:\MyPrograms\osgf\OSGF\Debug\CL.write.1.tlog
D:\MYPROGRAMS\OSGF\OSGF\DEBUG\EFFECT.OBJ
D:\MYPROGRAMS\OSGF\OSGF\DEBUG\GAME.OBJ
D:\MYPROGRAMS\OSGF\OSGF\DEBUG\GAMESTATE.OBJ
D:\MYPROGRAMS\OSGF\OSGF\DEBUG\GAMETIMER.OBJ
D:\MYPROGRAMS\OSGF\OSGF\DEBUG\INPUTSYSTEM.OBJ
D:\MYPROGRAMS\OSGF\OSGF\DEBUG\MAIN.OBJ
D:\MYPROGRAMS\OSGF\OSGF\DEBUG\MAINGAMESTATE.OBJ
D:\MYPROGRAMS\OSGF\OSGF\DEBUG\MAINMENUSTATE.OBJ
D:\MYPROGRAMS\OSGF\OSGF\DEBUG\OSGF3DMODEL.OBJ
D:\MYPROGRAMS\OSGF\OSGF\DEBUG\OSGFCOMPONENT.OBJ
D:\MYPROGRAMS\OSGF\OSGF\DEBUG\OSGFCOMPONENTMANAGER.OBJ
D:\MYPROGRAMS\OSGF\OSGF\DEBUG\OSGFCUBE.OBJ
D:\MYPROGRAMS\OSGF\OSGF\DEBUG\OSGFDRAWABLECOMPONENTMANAGER.OBJ
D:\MYPROGRAMS\OSGF\OSGF\DEBUG\OSGFDRAWABLEPHYSICSBODY.OBJ
D:\MYPROGRAMS\OSGF\OSGF\DEBUG\OSGFLEVEL.OBJ
D:\MYPROGRAMS\OSGF\OSGF\DEBUG\OSGFMENU.OBJ
D:\MYPROGRAMS\OSGF\OSGF\DEBUG\OSGFMESH.OBJ
D:\MYPROGRAMS\OSGF\OSGF\DEBUG\OSGFMOUSE.OBJ
D:\MYPROGRAMS\OSGF\OSGF\DEBUG\OSGFMTLLOADER.OBJ
D:\MYPROGRAMS\OSGF\OSGF\DEBUG\OSGFOBJMESHLOADER.OBJ
D:\MYPROGRAMS\OSGF\OSGF\DEBUG\OSGFPLANE.OBJ
D:\MYPROGRAMS\OSGF\OSGF\DEBUG\OSGFPROJECTILESYSTEM.OBJ
D:\MYPROGRAMS\OSGF\OSGF\DEBUG\OSGFSHIPENGINE.OBJ
D:\MYPROGRAMS\OSGF\OSGF\DEBUG\PHYSICSGAMESTATE.OBJ
D:\MYPROGRAMS\OSGF\OSGF\DEBUG\SCREENTEXT.OBJ
D:\MYPROGRAMS\OSGF\OSGF\DEBUG\TEST.OBJ
D:\MyPrograms\osgf\OSGF\Debug\vc100.idb
D:\MYPROGRAMS\OSGF\OSGF\DEBUG\VC100.PDB
